2021-03-13 23:48:32 INFO logger.py:126 Log level: INFO
2021-03-13 23:48:32 INFO main.py:259 GNS3 GUI version 2.2.19
2021-03-13 23:48:32 INFO main.py:260 Copyright (c) 2007-2021 GNS3 Technologies Inc.
2021-03-13 23:48:32 INFO main.py:261 Application started with /sbin/gns3
2021-03-13 23:48:49 INFO project.py:717 Pulling 'roxron/rus_tem:mgmt_srv' from docker hub
2021-03-13 23:48:55 INFO project.py:717 Pulling image roxron/rus_tem:mgmt_srv:c702ea4a22bc: [==================>                                ]     437B/1.197kB
2021-03-13 23:48:55 INFO project.py:717 Pulling image roxron/rus_tem:mgmt_srv:c702ea4a22bc: [==================================================>]  1.197kB/1.197kB
2021-03-13 23:48:55 INFO project.py:717 Pulling image roxron/rus_tem:mgmt_srv:a02a4930cb5d: [>                                                  ]  525.3kB/75.17MB
2021-03-13 23:48:56 INFO project.py:717 Pulling image roxron/rus_tem:mgmt_srv:a02a4930cb5d: [>                                                  ]  1.058MB/75.17MB
2021-03-13 23:48:56 INFO project.py:717 Pulling image roxron/rus_tem:mgmt_srv:a02a4930cb5d: [=>                                                 ]  1.598MB/75.17MB
2021-03-13 23:48:57 INFO project.py:717 Pulling image roxron/rus_tem:mgmt_srv:a02a4930cb5d: [=>                                                 ]  2.139MB/75.17MB
2021-03-13 23:48:57 INFO project.py:717 Pulling image roxron/rus_tem:mgmt_srv:e2852d110958: [>                                                  ]  537.2kB/88.81MB
2021-03-13 23:48:57 INFO project.py:717 Pulling image roxron/rus_tem:mgmt_srv:a02a4930cb5d: [=>                                                 ]   2.68MB/75.17MB
2021-03-13 23:48:58 INFO project.py:717 Pulling image roxron/rus_tem:mgmt_srv:e2852d110958: [>                                                  ]  1.078MB/88.81MB
2021-03-13 23:48:58 INFO project.py:717 Pulling image roxron/rus_tem:mgmt_srv:a02a4930cb5d: [==>                                                ]   3.22MB/75.17MB
2021-03-13 23:48:59 INFO project.py:717 Pulling image roxron/rus_tem:mgmt_srv:e2852d110958: [>                                                  ]  1.619MB/88.81MB
2021-03-13 23:48:59 INFO project.py:717 Pulling image roxron/rus_tem:mgmt_srv:a02a4930cb5d: [==>                                                ]  3.761MB/75.17MB
2021-03-13 23:49:00 INFO project.py:717 Pulling image roxron/rus_tem:mgmt_srv:e2852d110958: [=>                                                 ]  2.155MB/88.81MB
2021-03-13 23:49:00 INFO project.py:717 Pulling image roxron/rus_tem:mgmt_srv:a02a4930cb5d: [==>                                                ]  4.302MB/75.17MB
2021-03-13 23:49:01 INFO project.py:717 Pulling image roxron/rus_tem:mgmt_srv:e2852d110958: [=>                                                 ]  2.696MB/88.81MB
2021-03-13 23:49:01 INFO project.py:717 Pulling image roxron/rus_tem:mgmt_srv:a02a4930cb5d: [===>                                               ]  4.843MB/75.17MB
2021-03-13 23:49:01 INFO project.py:717 Pulling image roxron/rus_tem:mgmt_srv:e2852d110958: [=>                                                 ]  3.236MB/88.81MB
2021-03-13 23:49:02 INFO project.py:717 Pulling image roxron/rus_tem:mgmt_srv:a02a4930cb5d: [===>                                               ]  5.383MB/75.17MB
2021-03-13 23:49:02 INFO project.py:717 Pulling image roxron/rus_tem:mgmt_srv:a02a4930cb5d: [===>                                               ]  5.916MB/75.17MB
2021-03-13 23:49:03 INFO project.py:717 Pulling image roxron/rus_tem:mgmt_srv:e2852d110958: [==>                                                ]  3.777MB/88.81MB
2021-03-13 23:49:03 INFO project.py:717 Pulling image roxron/rus_tem:mgmt_srv:a02a4930cb5d: [====>                                              ]  6.456MB/75.17MB
2021-03-13 23:49:04 INFO project.py:717 Pulling image roxron/rus_tem:mgmt_srv:e2852d110958: [==>                                                ]  4.318MB/88.81MB
2021-03-13 23:49:04 INFO project.py:717 Pulling image roxron/rus_tem:mgmt_srv:a02a4930cb5d: [====>                                              ]  6.997MB/75.17MB
2021-03-13 23:49:05 INFO project.py:717 Pulling image roxron/rus_tem:mgmt_srv:e2852d110958: [==>                                                ]  4.858MB/88.81MB
2021-03-13 23:49:05 INFO project.py:717 Pulling image roxron/rus_tem:mgmt_srv:a02a4930cb5d: [=====>                                             ]  7.538MB/75.17MB
2021-03-13 23:49:05 INFO project.py:717 Pulling image roxron/rus_tem:mgmt_srv:a02a4930cb5d: [=====>                                             ]  8.078MB/75.17MB
2021-03-13 23:49:06 INFO project.py:717 Pulling image roxron/rus_tem:mgmt_srv:e2852d110958: [===>                                               ]  5.399MB/88.81MB
2021-03-13 23:49:06 INFO project.py:717 Pulling image roxron/rus_tem:mgmt_srv:a02a4930cb5d: [=====>                                             ]  8.611MB/75.17MB
2021-03-13 23:49:07 INFO project.py:717 Pulling image roxron/rus_tem:mgmt_srv:e2852d110958: [===>                                               ]   5.94MB/88.81MB
2021-03-13 23:49:07 INFO project.py:717 Pulling image roxron/rus_tem:mgmt_srv:a02a4930cb5d: [======>                                            ]  9.151MB/75.17MB
2021-03-13 23:49:08 INFO project.py:717 Pulling image roxron/rus_tem:mgmt_srv:e2852d110958: [===>                                               ]   6.48MB/88.81MB
2021-03-13 23:49:08 INFO project.py:717 Pulling image roxron/rus_tem:mgmt_srv:a02a4930cb5d: [======>                                            ]  9.692MB/75.17MB
2021-03-13 23:49:08 INFO project.py:717 Pulling image roxron/rus_tem:mgmt_srv:e2852d110958: [===>                                               ]  7.021MB/88.81MB
2021-03-13 23:49:09 INFO project.py:717 Pulling image roxron/rus_tem:mgmt_srv:a02a4930cb5d: [======>                                            ]  10.23MB/75.17MB
2021-03-13 23:49:09 INFO project.py:717 Pulling image roxron/rus_tem:mgmt_srv:e2852d110958: [====>                                              ]  7.562MB/88.81MB
2021-03-13 23:49:10 INFO project.py:717 Pulling image roxron/rus_tem:mgmt_srv:a02a4930cb5d: [=======>                                           ]  10.77MB/75.17MB
2021-03-13 23:49:10 INFO project.py:717 Pulling image roxron/rus_tem:mgmt_srv:a02a4930cb5d: [=======>                                           ]  11.31MB/75.17MB
2021-03-13 23:49:11 INFO project.py:717 Pulling image roxron/rus_tem:mgmt_srv:e2852d110958: [====>                                              ]  8.102MB/88.81MB
2021-03-13 23:49:11 INFO project.py:717 Pulling image roxron/rus_tem:mgmt_srv:a02a4930cb5d: [=======>                                           ]  11.85MB/75.17MB
2021-03-13 23:49:12 INFO project.py:717 Pulling image roxron/rus_tem:mgmt_srv:a02a4930cb5d: [========>                                          ]  12.39MB/75.17MB
2021-03-13 23:49:12 INFO project.py:717 Pulling image roxron/rus_tem:mgmt_srv:e2852d110958: [====>                                              ]  8.643MB/88.81MB
2021-03-13 23:49:13 INFO project.py:717 Pulling image roxron/rus_tem:mgmt_srv:a02a4930cb5d: [========>                                          ]  12.93MB/75.17MB
2021-03-13 23:49:13 INFO project.py:717 Pulling image roxron/rus_tem:mgmt_srv:e2852d110958: [=====>                                             ]  9.184MB/88.81MB
2021-03-13 23:49:13 INFO project.py:717 Pulling image roxron/rus_tem:mgmt_srv:a02a4930cb5d: [========>                                          ]  13.47MB/75.17MB
2021-03-13 23:49:14 INFO project.py:717 Pulling image roxron/rus_tem:mgmt_srv:e2852d110958: [=====>                                             ]   9.72MB/88.81MB
2021-03-13 23:49:14 INFO project.py:717 Pulling image roxron/rus_tem:mgmt_srv:a02a4930cb5d: [=========>                                         ]  14.01MB/75.17MB
2021-03-13 23:49:15 INFO project.py:717 Pulling image roxron/rus_tem:mgmt_srv:e2852d110958: [=====>                                             ]  10.25MB/88.81MB
2021-03-13 23:49:15 INFO project.py:717 Pulling image roxron/rus_tem:mgmt_srv:a02a4930cb5d: [=========>                                         ]  14.55MB/75.17MB
2021-03-13 23:49:16 INFO project.py:717 Pulling image roxron/rus_tem:mgmt_srv:e2852d110958: [======>                                            ]  10.79MB/88.81MB
2021-03-13 23:49:16 INFO project.py:717 Pulling image roxron/rus_tem:mgmt_srv:a02a4930cb5d: [==========>                                        ]  15.09MB/75.17MB
2021-03-13 23:49:17 INFO project.py:717 Pulling image roxron/rus_tem:mgmt_srv:e2852d110958: [======>                                            ]  11.33MB/88.81MB
2021-03-13 23:49:17 INFO project.py:717 Pulling image roxron/rus_tem:mgmt_srv:a02a4930cb5d: [==========>                                        ]  15.63MB/75.17MB
2021-03-13 23:49:17 INFO project.py:717 Pulling image roxron/rus_tem:mgmt_srv:e2852d110958: [======>                                            ]  11.87MB/88.81MB
2021-03-13 23:49:18 INFO project.py:717 Pulling image roxron/rus_tem:mgmt_srv:a02a4930cb5d: [==========>                                        ]  16.17MB/75.17MB
2021-03-13 23:49:18 INFO project.py:717 Pulling image roxron/rus_tem:mgmt_srv:e2852d110958: [======>                                            ]  12.41MB/88.81MB
2021-03-13 23:49:19 INFO project.py:717 Pulling image roxron/rus_tem:mgmt_srv:a02a4930cb5d: [===========>                                       ]   16.7MB/75.17MB
2021-03-13 23:49:19 INFO project.py:717 Pulling image roxron/rus_tem:mgmt_srv:e2852d110958: [=======>                                           ]  12.94MB/88.81MB
2021-03-13 23:49:20 INFO project.py:717 Pulling image roxron/rus_tem:mgmt_srv:a02a4930cb5d: [===========>                                       ]  17.25MB/75.17MB
2021-03-13 23:49:20 INFO project.py:717 Pulling image roxron/rus_tem:mgmt_srv:e2852d110958: [=======>                                           ]  13.48MB/88.81MB
2021-03-13 23:49:21 INFO project.py:717 Pulling image roxron/rus_tem:mgmt_srv:a02a4930cb5d: [===========>                                       ]  17.78MB/75.17MB
2021-03-13 23:49:21 INFO project.py:717 Pulling image roxron/rus_tem:mgmt_srv:e2852d110958: [=======>                                           ]  14.02MB/88.81MB
2021-03-13 23:49:22 INFO project.py:717 Pulling image roxron/rus_tem:mgmt_srv:e2852d110958: [========>                                          ]  14.55MB/88.81MB
2021-03-13 23:49:22 INFO project.py:717 Pulling image roxron/rus_tem:mgmt_srv:a02a4930cb5d: [============>                                      ]  18.32MB/75.17MB
2021-03-13 23:49:22 INFO project.py:717 Pulling image roxron/rus_tem:mgmt_srv:e2852d110958: [========>                                          ]  15.09MB/88.81MB
2021-03-13 23:49:22 INFO project.py:717 Pulling image roxron/rus_tem:mgmt_srv:a02a4930cb5d: [============>                                      ]  18.86MB/75.17MB
2021-03-13 23:49:23 INFO project.py:717 Pulling image roxron/rus_tem:mgmt_srv:e2852d110958: [========>                                          ]  15.63MB/88.81MB
2021-03-13 23:49:23 INFO project.py:717 Pulling image roxron/rus_tem:mgmt_srv:a02a4930cb5d: [============>                                      ]   19.4MB/75.17MB
2021-03-13 23:49:24 INFO project.py:717 Pulling image roxron/rus_tem:mgmt_srv:e2852d110958: [=========>                                         ]  16.17MB/88.81MB
2021-03-13 23:49:24 INFO project.py:717 Pulling image roxron/rus_tem:mgmt_srv:a02a4930cb5d: [=============>                                     ]  19.94MB/75.17MB
2021-03-13 23:49:25 INFO project.py:717 Pulling image roxron/rus_tem:mgmt_srv:e2852d110958: [=========>                                         ]  16.71MB/88.81MB
2021-03-13 23:49:25 INFO project.py:717 Pulling image roxron/rus_tem:mgmt_srv:a02a4930cb5d: [=============>                                     ]  20.48MB/75.17MB
2021-03-13 23:49:26 INFO project.py:717 Pulling image roxron/rus_tem:mgmt_srv:e2852d110958: [=========>                                         ]  17.25MB/88.81MB
2021-03-13 23:49:26 INFO project.py:717 Pulling image roxron/rus_tem:mgmt_srv:a02a4930cb5d: [=============>                                     ]  21.01MB/75.17MB
2021-03-13 23:49:27 INFO project.py:717 Pulling image roxron/rus_tem:mgmt_srv:e2852d110958: [==========>                                        ]  17.79MB/88.81MB
2021-03-13 23:49:27 INFO project.py:717 Pulling image roxron/rus_tem:mgmt_srv:a02a4930cb5d: [==============>                                    ]  21.55MB/75.17MB
2021-03-13 23:49:28 INFO project.py:717 Pulling image roxron/rus_tem:mgmt_srv:e2852d110958: [==========>                                        ]  18.33MB/88.81MB
2021-03-13 23:49:28 INFO project.py:717 Pulling image roxron/rus_tem:mgmt_srv:a02a4930cb5d: [==============>                                    ]  22.09MB/75.17MB
2021-03-13 23:49:29 INFO project.py:717 Pulling image roxron/rus_tem:mgmt_srv:e2852d110958: [==========>                                        ]  18.87MB/88.81MB
2021-03-13 23:49:29 INFO project.py:717 Pulling image roxron/rus_tem:mgmt_srv:a02a4930cb5d: [===============>                                   ]  22.62MB/75.17MB
2021-03-13 23:49:29 INFO project.py:717 Pulling image roxron/rus_tem:mgmt_srv:e2852d110958: [==========>                                        ]  19.41MB/88.81MB
2021-03-13 23:49:30 INFO project.py:717 Pulling image roxron/rus_tem:mgmt_srv:a02a4930cb5d: [===============>                                   ]  23.16MB/75.17MB
2021-03-13 23:49:30 INFO project.py:717 Pulling image roxron/rus_tem:mgmt_srv:e2852d110958: [===========>                                       ]  19.95MB/88.81MB
2021-03-13 23:49:31 INFO project.py:717 Pulling image roxron/rus_tem:mgmt_srv:a02a4930cb5d: [===============>                                   ]   23.7MB/75.17MB
2021-03-13 23:49:31 INFO project.py:717 Pulling image roxron/rus_tem:mgmt_srv:e2852d110958: [===========>                                       ]  20.49MB/88.81MB
2021-03-13 23:49:32 INFO project.py:717 Pulling image roxron/rus_tem:mgmt_srv:a02a4930cb5d: [================>                                  ]  24.24MB/75.17MB
2021-03-13 23:49:32 INFO project.py:717 Pulling image roxron/rus_tem:mgmt_srv:e2852d110958: [===========>                                       ]  21.03MB/88.81MB
2021-03-13 23:49:32 INFO project.py:717 Pulling image roxron/rus_tem:mgmt_srv:a02a4930cb5d: [================>                                  ]  24.78MB/75.17MB
2021-03-13 23:49:33 INFO project.py:717 Pulling image roxron/rus_tem:mgmt_srv:e2852d110958: [============>                                      ]  21.57MB/88.81MB
2021-03-13 23:49:34 INFO project.py:717 Pulling image roxron/rus_tem:mgmt_srv:a02a4930cb5d: [================>                                  ]  25.32MB/75.17MB
2021-03-13 23:49:34 INFO project.py:717 Pulling image roxron/rus_tem:mgmt_srv:e2852d110958: [============>                                      ]   22.1MB/88.81MB
2021-03-13 23:49:34 INFO project.py:717 Pulling image roxron/rus_tem:mgmt_srv:a02a4930cb5d: [=================>                                 ]  25.86MB/75.17MB
2021-03-13 23:49:35 INFO project.py:717 Pulling image roxron/rus_tem:mgmt_srv:e2852d110958: [============>                                      ]  22.64MB/88.81MB
2021-03-13 23:49:36 INFO project.py:717 Pulling image roxron/rus_tem:mgmt_srv:a02a4930cb5d: [=================>                                 ]   26.4MB/75.17MB
2021-03-13 23:49:36 INFO project.py:717 Pulling image roxron/rus_tem:mgmt_srv:e2852d110958: [=============>                                     ]  23.18MB/88.81MB
2021-03-13 23:49:37 INFO project.py:717 Pulling image roxron/rus_tem:mgmt_srv:a02a4930cb5d: [=================>                                 ]  26.94MB/75.17MB
2021-03-13 23:49:37 INFO project.py:717 Pulling image roxron/rus_tem:mgmt_srv:e2852d110958: [=============>                                     ]  23.72MB/88.81MB
2021-03-13 23:49:38 INFO project.py:717 Pulling image roxron/rus_tem:mgmt_srv:a02a4930cb5d: [==================>                                ]  27.49MB/75.17MB
2021-03-13 23:49:38 INFO project.py:717 Pulling image roxron/rus_tem:mgmt_srv:e2852d110958: [=============>                                     ]  24.27MB/88.81MB
2021-03-13 23:49:39 INFO project.py:717 Pulling image roxron/rus_tem:mgmt_srv:a02a4930cb5d: [==================>                                ]  28.03MB/75.17MB
2021-03-13 23:49:39 INFO project.py:717 Pulling image roxron/rus_tem:mgmt_srv:e2852d110958: [=============>                                     ]  24.81MB/88.81MB
2021-03-13 23:49:40 INFO project.py:717 Pulling image roxron/rus_tem:mgmt_srv:a02a4930cb5d: [===================>                               ]  28.57MB/75.17MB
2021-03-13 23:49:40 INFO project.py:717 Pulling image roxron/rus_tem:mgmt_srv:e2852d110958: [==============>                                    ]  25.35MB/88.81MB
2021-03-13 23:49:40 INFO project.py:717 Pulling image roxron/rus_tem:mgmt_srv:a02a4930cb5d: [===================>                               ]  29.11MB/75.17MB
2021-03-13 23:49:41 INFO project.py:717 Pulling image roxron/rus_tem:mgmt_srv:e2852d110958: [==============>                                    ]  25.89MB/88.81MB
2021-03-13 23:49:41 INFO project.py:717 Pulling image roxron/rus_tem:mgmt_srv:a02a4930cb5d: [===================>                               ]  29.65MB/75.17MB
2021-03-13 23:49:42 INFO project.py:717 Pulling image roxron/rus_tem:mgmt_srv:e2852d110958: [==============>                                    ]  26.43MB/88.81MB
2021-03-13 23:49:42 INFO project.py:717 Pulling image roxron/rus_tem:mgmt_srv:a02a4930cb5d: [====================>                              ]  30.18MB/75.17MB
2021-03-13 23:49:43 INFO project.py:717 Pulling image roxron/rus_tem:mgmt_srv:e2852d110958: [===============>                                   ]  26.97MB/88.81MB
2021-03-13 23:49:43 INFO project.py:717 Pulling image roxron/rus_tem:mgmt_srv:a02a4930cb5d: [====================>                              ]   30.7MB/75.17MB
2021-03-13 23:49:44 INFO project.py:717 Pulling image roxron/rus_tem:mgmt_srv:e2852d110958: [===============>                                   ]  27.51MB/88.81MB
2021-03-13 23:49:44 INFO project.py:717 Pulling image roxron/rus_tem:mgmt_srv:a02a4930cb5d: [====================>                              ]  31.25MB/75.17MB
2021-03-13 23:49:45 INFO project.py:717 Pulling image roxron/rus_tem:mgmt_srv:e2852d110958: [===============>                                   ]  28.05MB/88.81MB
2021-03-13 23:49:45 INFO project.py:717 Pulling image roxron/rus_tem:mgmt_srv:a02a4930cb5d: [=====================>                             ]  31.79MB/75.17MB
2021-03-13 23:49:46 INFO project.py:717 Pulling image roxron/rus_tem:mgmt_srv:e2852d110958: [================>                                  ]  28.59MB/88.81MB
2021-03-13 23:49:46 INFO project.py:717 Pulling image roxron/rus_tem:mgmt_srv:a02a4930cb5d: [=====================>                             ]  32.32MB/75.17MB
2021-03-13 23:49:47 INFO project.py:717 Pulling image roxron/rus_tem:mgmt_srv:a02a4930cb5d: [=====================>                             ]  32.86MB/75.17MB
2021-03-13 23:49:47 INFO project.py:717 Pulling image roxron/rus_tem:mgmt_srv:e2852d110958: [================>                                  ]  29.12MB/88.81MB
2021-03-13 23:49:47 INFO project.py:717 Pulling image roxron/rus_tem:mgmt_srv:a02a4930cb5d: [======================>                            ]   33.4MB/75.17MB
2021-03-13 23:49:48 INFO project.py:717 Pulling image roxron/rus_tem:mgmt_srv:a02a4930cb5d: [======================>                            ]  33.94MB/75.17MB
2021-03-13 23:49:48 INFO project.py:717 Pulling image roxron/rus_tem:mgmt_srv:e2852d110958: [================>                                  ]  29.66MB/88.81MB
2021-03-13 23:49:49 INFO project.py:717 Pulling image roxron/rus_tem:mgmt_srv:a02a4930cb5d: [======================>                            ]  34.48MB/75.17MB
2021-03-13 23:49:49 INFO project.py:717 Pulling image roxron/rus_tem:mgmt_srv:e2852d110958: [=================>                                 ]   30.2MB/88.81MB
2021-03-13 23:49:50 INFO project.py:717 Pulling image roxron/rus_tem:mgmt_srv:a02a4930cb5d: [=======================>                           ]  35.02MB/75.17MB
2021-03-13 23:49:50 INFO project.py:717 Pulling image roxron/rus_tem:mgmt_srv:a02a4930cb5d: [=======================>                           ]  35.55MB/75.17MB
2021-03-13 23:49:51 INFO project.py:717 Pulling image roxron/rus_tem:mgmt_srv:a02a4930cb5d: [========================>                          ]  36.09MB/75.17MB
2021-03-13 23:49:51 INFO project.py:717 Pulling image roxron/rus_tem:mgmt_srv:e2852d110958: [=================>                                 ]  30.74MB/88.81MB
2021-03-13 23:49:51 INFO project.py:717 Pulling image roxron/rus_tem:mgmt_srv:a02a4930cb5d: [========================>                          ]  36.63MB/75.17MB
2021-03-13 23:49:52 INFO project.py:717 Pulling image roxron/rus_tem:mgmt_srv:a02a4930cb5d: [========================>                          ]  37.17MB/75.17MB
2021-03-13 23:49:53 INFO project.py:717 Pulling image roxron/rus_tem:mgmt_srv:e2852d110958: [=================>                                 ]  31.28MB/88.81MB
2021-03-13 23:49:53 INFO project.py:717 Pulling image roxron/rus_tem:mgmt_srv:a02a4930cb5d: [=========================>                         ]  37.71MB/75.17MB
2021-03-13 23:49:54 INFO project.py:717 Pulling image roxron/rus_tem:mgmt_srv:a02a4930cb5d: [=========================>                         ]  38.25MB/75.17MB
2021-03-13 23:49:54 INFO project.py:717 Pulling image roxron/rus_tem:mgmt_srv:a02a4930cb5d: [=========================>                         ]  38.78MB/75.17MB
2021-03-13 23:49:54 INFO project.py:717 Pulling image roxron/rus_tem:mgmt_srv:e2852d110958: [=================>                                 ]  31.82MB/88.81MB
2021-03-13 23:49:55 INFO project.py:717 Pulling image roxron/rus_tem:mgmt_srv:a02a4930cb5d: [==========================>                        ]  39.32MB/75.17MB
2021-03-13 23:49:55 INFO project.py:717 Pulling image roxron/rus_tem:mgmt_srv:a02a4930cb5d: [==========================>                        ]  39.86MB/75.17MB
2021-03-13 23:49:56 INFO project.py:717 Pulling image roxron/rus_tem:mgmt_srv:a02a4930cb5d: [==========================>                        ]   40.4MB/75.17MB
2021-03-13 23:49:56 INFO project.py:717 Pulling image roxron/rus_tem:mgmt_srv:e2852d110958: [==================>                                ]  32.35MB/88.81MB
2021-03-13 23:49:57 INFO project.py:717 Pulling image roxron/rus_tem:mgmt_srv:a02a4930cb5d: [===========================>                       ]  40.94MB/75.17MB
2021-03-13 23:49:57 INFO project.py:717 Pulling image roxron/rus_tem:mgmt_srv:a02a4930cb5d: [===========================>                       ]  41.48MB/75.17MB
2021-03-13 23:49:58 INFO project.py:717 Pulling image roxron/rus_tem:mgmt_srv:e2852d110958: [==================>                                ]  32.89MB/88.81MB
2021-03-13 23:49:58 INFO project.py:717 Pulling image roxron/rus_tem:mgmt_srv:a02a4930cb5d: [===========================>                       ]  42.02MB/75.17MB
2021-03-13 23:49:59 INFO project.py:717 Pulling image roxron/rus_tem:mgmt_srv:e2852d110958: [==================>                                ]  33.43MB/88.81MB
2021-03-13 23:49:59 INFO project.py:717 Pulling image roxron/rus_tem:mgmt_srv:a02a4930cb5d: [============================>                      ]  42.56MB/75.17MB
2021-03-13 23:50:00 INFO project.py:717 Pulling image roxron/rus_tem:mgmt_srv:a02a4930cb5d: [============================>                      ]   43.1MB/75.17MB
2021-03-13 23:50:00 INFO project.py:717 Pulling image roxron/rus_tem:mgmt_srv:e2852d110958: [===================>                               ]  33.96MB/88.81MB
2021-03-13 23:50:00 INFO project.py:717 Pulling image roxron/rus_tem:mgmt_srv:a02a4930cb5d: [=============================>                     ]  43.64MB/75.17MB
2021-03-13 23:50:01 INFO project.py:717 Pulling image roxron/rus_tem:mgmt_srv:e2852d110958: [===================>                               ]  34.49MB/88.81MB
2021-03-13 23:50:01 INFO project.py:717 Pulling image roxron/rus_tem:mgmt_srv:a02a4930cb5d: [=============================>                     ]  44.18MB/75.17MB
2021-03-13 23:50:02 INFO project.py:717 Pulling image roxron/rus_tem:mgmt_srv:e2852d110958: [===================>                               ]  35.03MB/88.81MB
2021-03-13 23:50:02 INFO project.py:717 Pulling image roxron/rus_tem:mgmt_srv:a02a4930cb5d: [=============================>                     ]  44.72MB/75.17MB
2021-03-13 23:50:03 INFO project.py:717 Pulling image roxron/rus_tem:mgmt_srv:e2852d110958: [====================>                              ]  35.57MB/88.81MB
2021-03-13 23:50:04 INFO project.py:717 Pulling image roxron/rus_tem:mgmt_srv:a02a4930cb5d: [==============================>                    ]  45.26MB/75.17MB
2021-03-13 23:50:05 INFO project.py:717 Pulling image roxron/rus_tem:mgmt_srv:e2852d110958: [====================>                              ]  36.11MB/88.81MB
2021-03-13 23:50:05 INFO project.py:717 Pulling image roxron/rus_tem:mgmt_srv:a02a4930cb5d: [==============================>                    ]  45.79MB/75.17MB
2021-03-13 23:50:07 INFO project.py:717 Pulling image roxron/rus_tem:mgmt_srv:e2852d110958: [====================>                              ]  36.65MB/88.81MB
2021-03-13 23:50:07 INFO project.py:717 Pulling image roxron/rus_tem:mgmt_srv:a02a4930cb5d: [==============================>                    ]  46.33MB/75.17MB
2021-03-13 23:50:08 INFO project.py:717 Pulling image roxron/rus_tem:mgmt_srv:e2852d110958: [====================>                              ]  37.19MB/88.81MB
2021-03-13 23:50:09 INFO project.py:717 Pulling image roxron/rus_tem:mgmt_srv:a02a4930cb5d: [===============================>                   ]  46.87MB/75.17MB
2021-03-13 23:50:09 INFO project.py:717 Pulling image roxron/rus_tem:mgmt_srv:e2852d110958: [=====================>                             ]  37.72MB/88.81MB
2021-03-13 23:50:10 INFO project.py:717 Pulling image roxron/rus_tem:mgmt_srv:e2852d110958: [=====================>                             ]  38.26MB/88.81MB
2021-03-13 23:50:10 INFO project.py:717 Pulling image roxron/rus_tem:mgmt_srv:a02a4930cb5d: [===============================>                   ]  47.41MB/75.17MB
2021-03-13 23:50:11 INFO project.py:717 Pulling image roxron/rus_tem:mgmt_srv:e2852d110958: [=====================>                             ]   38.8MB/88.81MB
2021-03-13 23:50:12 INFO project.py:717 Pulling image roxron/rus_tem:mgmt_srv:a02a4930cb5d: [===============================>                   ]  47.94MB/75.17MB
2021-03-13 23:50:13 INFO project.py:717 Pulling image roxron/rus_tem:mgmt_srv:e2852d110958: [======================>                            ]  39.34MB/88.81MB
2021-03-13 23:50:14 INFO project.py:717 Pulling image roxron/rus_tem:mgmt_srv:e2852d110958: [======================>                            ]  39.88MB/88.81MB
2021-03-13 23:50:14 INFO project.py:717 Pulling image roxron/rus_tem:mgmt_srv:a02a4930cb5d: [================================>                  ]  48.48MB/75.17MB
2021-03-13 23:50:14 INFO project.py:717 Pulling image roxron/rus_tem:mgmt_srv:e2852d110958: [======================>                            ]  40.42MB/88.81MB
2021-03-13 23:50:15 INFO project.py:717 Pulling image roxron/rus_tem:mgmt_srv:e2852d110958: [=======================>                           ]  40.96MB/88.81MB
2021-03-13 23:50:16 INFO project.py:717 Pulling image roxron/rus_tem:mgmt_srv:e2852d110958: [=======================>                           ]  41.49MB/88.81MB
2021-03-13 23:50:16 INFO project.py:717 Pulling image roxron/rus_tem:mgmt_srv:a02a4930cb5d: [================================>                  ]  49.02MB/75.17MB
2021-03-13 23:50:17 INFO project.py:717 Pulling image roxron/rus_tem:mgmt_srv:e2852d110958: [=======================>                           ]  42.03MB/88.81MB
2021-03-13 23:50:18 INFO project.py:717 Pulling image roxron/rus_tem:mgmt_srv:a02a4930cb5d: [================================>                  ]  49.56MB/75.17MB
2021-03-13 23:50:18 INFO project.py:717 Pulling image roxron/rus_tem:mgmt_srv:e2852d110958: [=======================>                           ]  42.57MB/88.81MB
2021-03-13 23:50:19 INFO project.py:717 Pulling image roxron/rus_tem:mgmt_srv:e2852d110958: [========================>                          ]  43.11MB/88.81MB
2021-03-13 23:50:19 INFO project.py:717 Pulling image roxron/rus_tem:mgmt_srv:e2852d110958: [========================>                          ]  43.65MB/88.81MB
2021-03-13 23:50:20 INFO project.py:717 Pulling image roxron/rus_tem:mgmt_srv:e2852d110958: [========================>                          ]  44.19MB/88.81MB
2021-03-13 23:50:20 INFO project.py:717 Pulling image roxron/rus_tem:mgmt_srv:a02a4930cb5d: [=================================>                 ]   50.1MB/75.17MB
2021-03-13 23:50:21 INFO project.py:717 Pulling image roxron/rus_tem:mgmt_srv:e2852d110958: [=========================>                         ]  44.73MB/88.81MB
2021-03-13 23:50:21 INFO project.py:717 Pulling image roxron/rus_tem:mgmt_srv:e2852d110958: [=========================>                         ]  45.27MB/88.81MB
2021-03-13 23:50:22 INFO project.py:717 Pulling image roxron/rus_tem:mgmt_srv:e2852d110958: [=========================>                         ]  45.81MB/88.81MB
2021-03-13 23:50:22 INFO project.py:717 Pulling image roxron/rus_tem:mgmt_srv:a02a4930cb5d: [=================================>                 ]  50.63MB/75.17MB
2021-03-13 23:50:22 INFO project.py:717 Pulling image roxron/rus_tem:mgmt_srv:e2852d110958: [==========================>                        ]  46.35MB/88.81MB
2021-03-13 23:50:23 INFO project.py:717 Pulling image roxron/rus_tem:mgmt_srv:e2852d110958: [==========================>                        ]  46.89MB/88.81MB
2021-03-13 23:50:23 INFO project.py:717 Pulling image roxron/rus_tem:mgmt_srv:a02a4930cb5d: [==================================>                ]  51.17MB/75.17MB
2021-03-13 23:50:24 INFO project.py:717 Pulling image roxron/rus_tem:mgmt_srv:e2852d110958: [==========================>                        ]  47.43MB/88.81MB
2021-03-13 23:50:24 INFO project.py:717 Pulling image roxron/rus_tem:mgmt_srv:a02a4930cb5d: [==================================>                ]   51.7MB/75.17MB
2021-03-13 23:50:25 INFO project.py:717 Pulling image roxron/rus_tem:mgmt_srv:e2852d110958: [===========================>                       ]  47.97MB/88.81MB
2021-03-13 23:50:25 INFO project.py:717 Pulling image roxron/rus_tem:mgmt_srv:e2852d110958: [===========================>                       ]  48.51MB/88.81MB
2021-03-13 23:50:25 INFO project.py:717 Pulling image roxron/rus_tem:mgmt_srv:a02a4930cb5d: [==================================>                ]  52.25MB/75.17MB
2021-03-13 23:50:26 INFO project.py:717 Pulling image roxron/rus_tem:mgmt_srv:e2852d110958: [===========================>                       ]  49.05MB/88.81MB
2021-03-13 23:50:26 INFO project.py:717 Pulling image roxron/rus_tem:mgmt_srv:a02a4930cb5d: [===================================>               ]  52.79MB/75.17MB
2021-03-13 23:50:27 INFO project.py:717 Pulling image roxron/rus_tem:mgmt_srv:e2852d110958: [===========================>                       ]  49.59MB/88.81MB
2021-03-13 23:50:27 INFO project.py:717 Pulling image roxron/rus_tem:mgmt_srv:a02a4930cb5d: [===================================>               ]  53.33MB/75.17MB
2021-03-13 23:50:28 INFO project.py:717 Pulling image roxron/rus_tem:mgmt_srv:e2852d110958: [============================>                      ]  50.14MB/88.81MB
2021-03-13 23:50:28 INFO project.py:717 Pulling image roxron/rus_tem:mgmt_srv:a02a4930cb5d: [===================================>               ]  53.87MB/75.17MB
2021-03-13 23:50:29 INFO project.py:717 Pulling image roxron/rus_tem:mgmt_srv:a02a4930cb5d: [====================================>              ]  54.41MB/75.17MB
2021-03-13 23:50:29 INFO project.py:717 Pulling image roxron/rus_tem:mgmt_srv:e2852d110958: [============================>                      ]  50.68MB/88.81MB
2021-03-13 23:50:30 INFO project.py:717 Pulling image roxron/rus_tem:mgmt_srv:a02a4930cb5d: [====================================>              ]  54.95MB/75.17MB
2021-03-13 23:50:30 INFO project.py:717 Pulling image roxron/rus_tem:mgmt_srv:e2852d110958: [============================>                      ]  51.22MB/88.81MB
2021-03-13 23:50:31 INFO project.py:717 Pulling image roxron/rus_tem:mgmt_srv:a02a4930cb5d: [====================================>              ]  55.49MB/75.17MB
2021-03-13 23:50:31 INFO project.py:717 Pulling image roxron/rus_tem:mgmt_srv:e2852d110958: [=============================>                     ]  51.76MB/88.81MB
2021-03-13 23:50:31 INFO project.py:717 Pulling image roxron/rus_tem:mgmt_srv:a02a4930cb5d: [=====================================>             ]  56.03MB/75.17MB
2021-03-13 23:50:32 INFO project.py:717 Pulling image roxron/rus_tem:mgmt_srv:a02a4930cb5d: [=====================================>             ]  56.57MB/75.17MB
2021-03-13 23:50:32 INFO project.py:717 Pulling image roxron/rus_tem:mgmt_srv:e2852d110958: [=============================>                     ]   52.3MB/88.81MB
2021-03-13 23:50:33 INFO project.py:717 Pulling image roxron/rus_tem:mgmt_srv:a02a4930cb5d: [=====================================>             ]   57.1MB/75.17MB
2021-03-13 23:50:33 INFO project.py:717 Pulling image roxron/rus_tem:mgmt_srv:e2852d110958: [=============================>                     ]  52.84MB/88.81MB
2021-03-13 23:50:34 INFO project.py:717 Pulling image roxron/rus_tem:mgmt_srv:a02a4930cb5d: [======================================>            ]  57.64MB/75.17MB
2021-03-13 23:50:34 INFO project.py:717 Pulling image roxron/rus_tem:mgmt_srv:a02a4930cb5d: [======================================>            ]  58.18MB/75.17MB
2021-03-13 23:50:35 INFO project.py:717 Pulling image roxron/rus_tem:mgmt_srv:e2852d110958: [==============================>                    ]  53.38MB/88.81MB
2021-03-13 23:50:35 INFO project.py:717 Pulling image roxron/rus_tem:mgmt_srv:a02a4930cb5d: [=======================================>           ]  58.72MB/75.17MB
2021-03-13 23:50:36 INFO project.py:717 Pulling image roxron/rus_tem:mgmt_srv:e2852d110958: [==============================>                    ]  53.92MB/88.81MB
2021-03-13 23:50:36 INFO project.py:717 Pulling image roxron/rus_tem:mgmt_srv:a02a4930cb5d: [=======================================>           ]  59.25MB/75.17MB
2021-03-13 23:50:37 INFO project.py:717 Pulling image roxron/rus_tem:mgmt_srv:a02a4930cb5d: [=======================================>           ]  59.79MB/75.17MB
2021-03-13 23:50:37 INFO project.py:717 Pulling image roxron/rus_tem:mgmt_srv:e2852d110958: [==============================>                    ]  54.46MB/88.81MB
2021-03-13 23:50:38 INFO project.py:717 Pulling image roxron/rus_tem:mgmt_srv:e2852d110958: [==============================>                    ]  54.99MB/88.81MB
2021-03-13 23:50:38 INFO project.py:717 Pulling image roxron/rus_tem:mgmt_srv:a02a4930cb5d: [========================================>          ]  60.34MB/75.17MB
2021-03-13 23:50:39 INFO project.py:717 Pulling image roxron/rus_tem:mgmt_srv:e2852d110958: [===============================>                   ]  55.53MB/88.81MB
2021-03-13 23:50:39 INFO project.py:717 Pulling image roxron/rus_tem:mgmt_srv:a02a4930cb5d: [========================================>          ]  60.88MB/75.17MB
2021-03-13 23:50:40 INFO project.py:717 Pulling image roxron/rus_tem:mgmt_srv:e2852d110958: [===============================>                   ]  56.07MB/88.81MB
2021-03-13 23:50:40 INFO project.py:717 Pulling image roxron/rus_tem:mgmt_srv:e2852d110958: [===============================>                   ]  56.61MB/88.81MB
2021-03-13 23:50:40 INFO project.py:717 Pulling image roxron/rus_tem:mgmt_srv:a02a4930cb5d: [========================================>          ]  61.41MB/75.17MB
2021-03-13 23:50:41 INFO project.py:717 Pulling image roxron/rus_tem:mgmt_srv:e2852d110958: [================================>                  ]  57.14MB/88.81MB
2021-03-13 23:50:42 INFO project.py:717 Pulling image roxron/rus_tem:mgmt_srv:a02a4930cb5d: [=========================================>         ]  61.95MB/75.17MB
2021-03-13 23:50:42 INFO project.py:717 Pulling image roxron/rus_tem:mgmt_srv:e2852d110958: [================================>                  ]  57.68MB/88.81MB
2021-03-13 23:50:43 INFO project.py:717 Pulling image roxron/rus_tem:mgmt_srv:a02a4930cb5d: [=========================================>         ]  62.49MB/75.17MB
2021-03-13 23:50:43 INFO project.py:717 Pulling image roxron/rus_tem:mgmt_srv:a02a4930cb5d: [=========================================>         ]  63.03MB/75.17MB
2021-03-13 23:50:44 INFO project.py:717 Pulling image roxron/rus_tem:mgmt_srv:e2852d110958: [================================>                  ]  58.22MB/88.81MB
2021-03-13 23:50:44 INFO project.py:717 Pulling image roxron/rus_tem:mgmt_srv:a02a4930cb5d: [==========================================>        ]  63.57MB/75.17MB
2021-03-13 23:50:45 INFO project.py:717 Pulling image roxron/rus_tem:mgmt_srv:a02a4930cb5d: [==========================================>        ]  64.11MB/75.17MB
2021-03-13 23:50:45 INFO project.py:717 Pulling image roxron/rus_tem:mgmt_srv:e2852d110958: [=================================>                 ]  58.76MB/88.81MB
2021-03-13 23:50:45 INFO project.py:717 Pulling image roxron/rus_tem:mgmt_srv:a02a4930cb5d: [===========================================>       ]  64.65MB/75.17MB
2021-03-13 23:50:46 INFO project.py:717 Pulling image roxron/rus_tem:mgmt_srv:e2852d110958: [=================================>                 ]   59.3MB/88.81MB
2021-03-13 23:50:46 INFO project.py:717 Pulling image roxron/rus_tem:mgmt_srv:a02a4930cb5d: [===========================================>       ]  65.19MB/75.17MB
2021-03-13 23:50:47 INFO project.py:717 Pulling image roxron/rus_tem:mgmt_srv:e2852d110958: [=================================>                 ]  59.84MB/88.81MB
2021-03-13 23:50:48 INFO project.py:717 Pulling image roxron/rus_tem:mgmt_srv:a02a4930cb5d: [===========================================>       ]  65.73MB/75.17MB
2021-03-13 23:50:48 INFO project.py:717 Pulling image roxron/rus_tem:mgmt_srv:e2852d110958: [=================================>                 ]  60.38MB/88.81MB
2021-03-13 23:50:49 INFO project.py:717 Pulling image roxron/rus_tem:mgmt_srv:e2852d110958: [==================================>                ]  60.92MB/88.81MB
2021-03-13 23:50:49 INFO project.py:717 Pulling image roxron/rus_tem:mgmt_srv:a02a4930cb5d: [============================================>      ]  66.27MB/75.17MB
2021-03-13 23:50:50 INFO project.py:717 Pulling image roxron/rus_tem:mgmt_srv:e2852d110958: [==================================>                ]  61.46MB/88.81MB
2021-03-13 23:50:51 INFO project.py:717 Pulling image roxron/rus_tem:mgmt_srv:e2852d110958: [==================================>                ]     62MB/88.81MB
2021-03-13 23:50:51 INFO project.py:717 Pulling image roxron/rus_tem:mgmt_srv:a02a4930cb5d: [============================================>      ]  66.81MB/75.17MB
2021-03-13 23:50:52 INFO project.py:717 Pulling image roxron/rus_tem:mgmt_srv:e2852d110958: [===================================>               ]  62.54MB/88.81MB
2021-03-13 23:50:53 INFO project.py:717 Pulling image roxron/rus_tem:mgmt_srv:e2852d110958: [===================================>               ]  63.08MB/88.81MB
2021-03-13 23:50:54 INFO project.py:717 Pulling image roxron/rus_tem:mgmt_srv:e2852d110958: [===================================>               ]  63.62MB/88.81MB
2021-03-13 23:50:54 INFO project.py:717 Pulling image roxron/rus_tem:mgmt_srv:a02a4930cb5d: [============================================>      ]  67.35MB/75.17MB
2021-03-13 23:50:56 INFO project.py:717 Pulling image roxron/rus_tem:mgmt_srv:e2852d110958: [====================================>              ]  64.16MB/88.81MB
2021-03-13 23:50:58 INFO project.py:717 Pulling image roxron/rus_tem:mgmt_srv:e2852d110958: [====================================>              ]   64.7MB/88.81MB
2021-03-13 23:50:58 INFO project.py:717 Pulling image roxron/rus_tem:mgmt_srv:a02a4930cb5d: [=============================================>     ]  67.89MB/75.17MB
2021-03-13 23:50:59 INFO project.py:717 Pulling image roxron/rus_tem:mgmt_srv:e2852d110958: [====================================>              ]  65.24MB/88.81MB
2021-03-13 23:51:00 INFO project.py:717 Pulling image roxron/rus_tem:mgmt_srv:e2852d110958: [=====================================>             ]  65.78MB/88.81MB
2021-03-13 23:51:01 INFO project.py:717 Pulling image roxron/rus_tem:mgmt_srv:e2852d110958: [=====================================>             ]  66.32MB/88.81MB
2021-03-13 23:51:02 INFO project.py:717 Pulling image roxron/rus_tem:mgmt_srv:a02a4930cb5d: [=============================================>     ]  68.43MB/75.17MB
2021-03-13 23:51:02 INFO project.py:717 Pulling image roxron/rus_tem:mgmt_srv:e2852d110958: [=====================================>             ]  66.86MB/88.81MB
2021-03-13 23:51:04 INFO project.py:717 Pulling image roxron/rus_tem:mgmt_srv:e2852d110958: [=====================================>             ]   67.4MB/88.81MB
2021-03-13 23:51:05 INFO project.py:717 Pulling image roxron/rus_tem:mgmt_srv:e2852d110958: [======================================>            ]  67.95MB/88.81MB
2021-03-13 23:51:05 INFO project.py:717 Pulling image roxron/rus_tem:mgmt_srv:a02a4930cb5d: [=============================================>     ]  68.97MB/75.17MB
2021-03-13 23:51:06 INFO project.py:717 Pulling image roxron/rus_tem:mgmt_srv:a02a4930cb5d: [==============================================>    ]  69.51MB/75.17MB
2021-03-13 23:51:06 INFO project.py:717 Pulling image roxron/rus_tem:mgmt_srv:e2852d110958: [======================================>            ]  68.49MB/88.81MB
2021-03-13 23:51:06 INFO project.py:717 Pulling image roxron/rus_tem:mgmt_srv:a02a4930cb5d: [==============================================>    ]  70.05MB/75.17MB
2021-03-13 23:51:07 INFO project.py:717 Pulling image roxron/rus_tem:mgmt_srv:a02a4930cb5d: [==============================================>    ]  70.59MB/75.17MB
2021-03-13 23:51:07 INFO project.py:717 Pulling image roxron/rus_tem:mgmt_srv:e2852d110958: [======================================>            ]  69.02MB/88.81MB
2021-03-13 23:51:08 INFO project.py:717 Pulling image roxron/rus_tem:mgmt_srv:a02a4930cb5d: [===============================================>   ]  71.13MB/75.17MB
2021-03-13 23:51:08 INFO project.py:717 Pulling image roxron/rus_tem:mgmt_srv:e2852d110958: [=======================================>           ]  69.56MB/88.81MB
2021-03-13 23:51:08 INFO project.py:717 Pulling image roxron/rus_tem:mgmt_srv:a02a4930cb5d: [===============================================>   ]  71.67MB/75.17MB
2021-03-13 23:51:09 INFO project.py:717 Pulling image roxron/rus_tem:mgmt_srv:e2852d110958: [=======================================>           ]   70.1MB/88.81MB
2021-03-13 23:51:09 INFO project.py:717 Pulling image roxron/rus_tem:mgmt_srv:a02a4930cb5d: [================================================>  ]  72.21MB/75.17MB
2021-03-13 23:51:10 INFO project.py:717 Pulling image roxron/rus_tem:mgmt_srv:a02a4930cb5d: [================================================>  ]  72.75MB/75.17MB
2021-03-13 23:51:10 INFO project.py:717 Pulling image roxron/rus_tem:mgmt_srv:e2852d110958: [=======================================>           ]  70.64MB/88.81MB
2021-03-13 23:51:11 INFO project.py:717 Pulling image roxron/rus_tem:mgmt_srv:a02a4930cb5d: [================================================>  ]  73.29MB/75.17MB
2021-03-13 23:51:11 INFO project.py:717 Pulling image roxron/rus_tem:mgmt_srv:e2852d110958: [========================================>          ]  71.18MB/88.81MB
2021-03-13 23:51:12 INFO project.py:717 Pulling image roxron/rus_tem:mgmt_srv:a02a4930cb5d: [=================================================> ]  73.84MB/75.17MB
2021-03-13 23:51:12 INFO project.py:717 Pulling image roxron/rus_tem:mgmt_srv:e2852d110958: [========================================>          ]  71.72MB/88.81MB
2021-03-13 23:51:13 INFO project.py:717 Pulling image roxron/rus_tem:mgmt_srv:e2852d110958: [========================================>          ]  72.25MB/88.81MB
2021-03-13 23:51:13 INFO project.py:717 Pulling image roxron/rus_tem:mgmt_srv:a02a4930cb5d: [=================================================> ]  74.38MB/75.17MB
2021-03-13 23:51:14 INFO project.py:717 Pulling image roxron/rus_tem:mgmt_srv:e2852d110958: [========================================>          ]  72.79MB/88.81MB
2021-03-13 23:51:14 INFO project.py:717 Pulling image roxron/rus_tem:mgmt_srv:a02a4930cb5d: [=================================================> ]  74.92MB/75.17MB
2021-03-13 23:51:15 INFO project.py:717 Pulling image roxron/rus_tem:mgmt_srv:a02a4930cb5d: [>                                                  ]  557.1kB/75.17MB
2021-03-13 23:51:15 INFO project.py:717 Pulling image roxron/rus_tem:mgmt_srv:a02a4930cb5d: [=>                                                 ]  2.228MB/75.17MB
2021-03-13 23:51:15 INFO project.py:717 Pulling image roxron/rus_tem:mgmt_srv:a02a4930cb5d: [==>                                                ]  3.899MB/75.17MB
2021-03-13 23:51:15 INFO project.py:717 Pulling image roxron/rus_tem:mgmt_srv:a02a4930cb5d: [===>                                               ]  5.571MB/75.17MB
2021-03-13 23:51:15 INFO project.py:717 Pulling image roxron/rus_tem:mgmt_srv:a02a4930cb5d: [====>                                              ]  7.242MB/75.17MB
2021-03-13 23:51:15 INFO project.py:717 Pulling image roxron/rus_tem:mgmt_srv:a02a4930cb5d: [=====>                                             ]  8.913MB/75.17MB
2021-03-13 23:51:15 INFO project.py:717 Pulling image roxron/rus_tem:mgmt_srv:a02a4930cb5d: [=======>                                           ]  10.58MB/75.17MB
2021-03-13 23:51:15 INFO project.py:717 Pulling image roxron/rus_tem:mgmt_srv:a02a4930cb5d: [========>                                          ]  12.81MB/75.17MB
2021-03-13 23:51:16 INFO project.py:717 Pulling image roxron/rus_tem:mgmt_srv:a02a4930cb5d: [==========>                                        ]  15.04MB/75.17MB
2021-03-13 23:51:16 INFO project.py:717 Pulling image roxron/rus_tem:mgmt_srv:e2852d110958: [=========================================>         ]  73.34MB/88.81MB
2021-03-13 23:51:16 INFO project.py:717 Pulling image roxron/rus_tem:mgmt_srv:a02a4930cb5d: [===========>                                       ]  17.27MB/75.17MB
2021-03-13 23:51:16 INFO project.py:717 Pulling image roxron/rus_tem:mgmt_srv:a02a4930cb5d: [============>                                      ]  18.94MB/75.17MB
2021-03-13 23:51:16 INFO project.py:717 Pulling image roxron/rus_tem:mgmt_srv:a02a4930cb5d: [=============>                                     ]  20.61MB/75.17MB
2021-03-13 23:51:16 INFO project.py:717 Pulling image roxron/rus_tem:mgmt_srv:a02a4930cb5d: [==============>                                    ]  22.28MB/75.17MB
2021-03-13 23:51:16 INFO project.py:717 Pulling image roxron/rus_tem:mgmt_srv:a02a4930cb5d: [===============>                                   ]  23.95MB/75.17MB
2021-03-13 23:51:16 INFO project.py:717 Pulling image roxron/rus_tem:mgmt_srv:a02a4930cb5d: [=================>                                 ]  26.18MB/75.17MB
2021-03-13 23:51:16 INFO project.py:717 Pulling image roxron/rus_tem:mgmt_srv:a02a4930cb5d: [==================>                                ]  28.41MB/75.17MB
2021-03-13 23:51:16 INFO project.py:717 Pulling image roxron/rus_tem:mgmt_srv:e2852d110958: [=========================================>         ]  73.88MB/88.81MB
2021-03-13 23:51:17 INFO project.py:717 Pulling image roxron/rus_tem:mgmt_srv:a02a4930cb5d: [====================>                              ]  30.64MB/75.17MB
2021-03-13 23:51:17 INFO project.py:717 Pulling image roxron/rus_tem:mgmt_srv:a02a4930cb5d: [=====================>                             ]  32.87MB/75.17MB
2021-03-13 23:51:17 INFO project.py:717 Pulling image roxron/rus_tem:mgmt_srv:e2852d110958: [=========================================>         ]  74.41MB/88.81MB
2021-03-13 23:51:17 INFO project.py:717 Pulling image roxron/rus_tem:mgmt_srv:a02a4930cb5d: [=======================>                           ]  35.09MB/75.17MB
2021-03-13 23:51:17 INFO project.py:717 Pulling image roxron/rus_tem:mgmt_srv:e2852d110958: [==========================================>        ]  74.95MB/88.81MB
2021-03-13 23:51:17 INFO project.py:717 Pulling image roxron/rus_tem:mgmt_srv:a02a4930cb5d: [========================>                          ]  37.32MB/75.17MB
2021-03-13 23:51:17 INFO project.py:717 Pulling image roxron/rus_tem:mgmt_srv:a02a4930cb5d: [==========================>                        ]  39.55MB/75.17MB
2021-03-13 23:51:17 INFO project.py:717 Pulling image roxron/rus_tem:mgmt_srv:a02a4930cb5d: [===========================>                       ]  41.22MB/75.17MB
2021-03-13 23:51:17 INFO project.py:717 Pulling image roxron/rus_tem:mgmt_srv:a02a4930cb5d: [============================>                      ]  43.45MB/75.17MB
2021-03-13 23:51:17 INFO project.py:717 Pulling image roxron/rus_tem:mgmt_srv:e2852d110958: [==========================================>        ]  75.49MB/88.81MB
2021-03-13 23:51:17 INFO project.py:717 Pulling image roxron/rus_tem:mgmt_srv:a02a4930cb5d: [==============================>                    ]  45.68MB/75.17MB
2021-03-13 23:51:18 INFO project.py:717 Pulling image roxron/rus_tem:mgmt_srv:a02a4930cb5d: [===============================>                   ]  47.35MB/75.17MB
2021-03-13 23:51:18 INFO project.py:717 Pulling image roxron/rus_tem:mgmt_srv:a02a4930cb5d: [================================>                  ]  48.46MB/75.17MB
2021-03-13 23:51:18 INFO project.py:717 Pulling image roxron/rus_tem:mgmt_srv:e2852d110958: [==========================================>        ]  76.03MB/88.81MB
2021-03-13 23:51:18 INFO project.py:717 Pulling image roxron/rus_tem:mgmt_srv:a02a4930cb5d: [================================>                  ]  49.58MB/75.17MB
2021-03-13 23:51:18 INFO project.py:717 Pulling image roxron/rus_tem:mgmt_srv:a02a4930cb5d: [==================================>                ]  51.25MB/75.17MB
2021-03-13 23:51:18 INFO project.py:717 Pulling image roxron/rus_tem:mgmt_srv:a02a4930cb5d: [===================================>               ]  52.92MB/75.17MB
2021-03-13 23:51:18 INFO project.py:717 Pulling image roxron/rus_tem:mgmt_srv:e2852d110958: [===========================================>       ]  76.56MB/88.81MB
2021-03-13 23:51:18 INFO project.py:717 Pulling image roxron/rus_tem:mgmt_srv:a02a4930cb5d: [===================================>               ]  54.03MB/75.17MB
2021-03-13 23:51:18 INFO project.py:717 Pulling image roxron/rus_tem:mgmt_srv:a02a4930cb5d: [=====================================>             ]  55.71MB/75.17MB
2021-03-13 23:51:18 INFO project.py:717 Pulling image roxron/rus_tem:mgmt_srv:a02a4930cb5d: [======================================>            ]  57.93MB/75.17MB
2021-03-13 23:51:19 INFO project.py:717 Pulling image roxron/rus_tem:mgmt_srv:a02a4930cb5d: [=======================================>           ]  59.05MB/75.17MB
2021-03-13 23:51:19 INFO project.py:717 Pulling image roxron/rus_tem:mgmt_srv:e2852d110958: [===========================================>       ]   77.1MB/88.81MB
2021-03-13 23:51:19 INFO project.py:717 Pulling image roxron/rus_tem:mgmt_srv:a02a4930cb5d: [========================================>          ]  60.72MB/75.17MB
2021-03-13 23:51:19 INFO project.py:717 Pulling image roxron/rus_tem:mgmt_srv:a02a4930cb5d: [=========================================>         ]  62.95MB/75.17MB
2021-03-13 23:51:19 INFO project.py:717 Pulling image roxron/rus_tem:mgmt_srv:a02a4930cb5d: [===========================================>       ]  65.18MB/75.17MB
2021-03-13 23:51:19 INFO project.py:717 Pulling image roxron/rus_tem:mgmt_srv:a02a4930cb5d: [===========================================>       ]  65.73MB/75.17MB
2021-03-13 23:51:19 INFO project.py:717 Pulling image roxron/rus_tem:mgmt_srv:e2852d110958: [===========================================>       ]  77.64MB/88.81MB
2021-03-13 23:51:19 INFO project.py:717 Pulling image roxron/rus_tem:mgmt_srv:a02a4930cb5d: [============================================>      ]  66.85MB/75.17MB
2021-03-13 23:51:19 INFO project.py:717 Pulling image roxron/rus_tem:mgmt_srv:a02a4930cb5d: [=============================================>     ]  67.96MB/75.17MB
2021-03-13 23:51:20 INFO project.py:717 Pulling image roxron/rus_tem:mgmt_srv:e2852d110958: [============================================>      ]  78.18MB/88.81MB
2021-03-13 23:51:20 INFO project.py:717 Pulling image roxron/rus_tem:mgmt_srv:a02a4930cb5d: [=============================================>     ]  69.07MB/75.17MB
2021-03-13 23:51:20 INFO project.py:717 Pulling image roxron/rus_tem:mgmt_srv:a02a4930cb5d: [===============================================>   ]  70.75MB/75.17MB
2021-03-13 23:51:20 INFO project.py:717 Pulling image roxron/rus_tem:mgmt_srv:a02a4930cb5d: [================================================>  ]  72.42MB/75.17MB
2021-03-13 23:51:20 INFO project.py:717 Pulling image roxron/rus_tem:mgmt_srv:e2852d110958: [============================================>      ]  78.71MB/88.81MB
2021-03-13 23:51:20 INFO project.py:717 Pulling image roxron/rus_tem:mgmt_srv:a02a4930cb5d: [=================================================> ]  74.09MB/75.17MB
2021-03-13 23:51:20 INFO project.py:717 Pulling image roxron/rus_tem:mgmt_srv:a02a4930cb5d: [==================================================>]  75.17MB/75.17MB
2021-03-13 23:51:20 INFO project.py:717 Pulling image roxron/rus_tem:mgmt_srv:c702ea4a22bc: [==================================================>]  1.197kB/1.197kB
2021-03-13 23:51:20 INFO project.py:717 Pulling image roxron/rus_tem:mgmt_srv:c702ea4a22bc: [==================================================>]  1.197kB/1.197kB
2021-03-13 23:51:20 INFO project.py:717 Pulling image roxron/rus_tem:mgmt_srv:e2852d110958: [============================================>      ]  79.25MB/88.81MB
2021-03-13 23:51:21 INFO project.py:717 Pulling image roxron/rus_tem:mgmt_srv:e2852d110958: [============================================>      ]  79.79MB/88.81MB
2021-03-13 23:51:21 INFO project.py:717 Pulling image roxron/rus_tem:mgmt_srv:e2852d110958: [=============================================>     ]  80.34MB/88.81MB
2021-03-13 23:51:22 INFO project.py:717 Pulling image roxron/rus_tem:mgmt_srv:e2852d110958: [=============================================>     ]  80.88MB/88.81MB
2021-03-13 23:51:22 INFO project.py:717 Pulling image roxron/rus_tem:mgmt_srv:e2852d110958: [=============================================>     ]  81.41MB/88.81MB
2021-03-13 23:51:23 INFO project.py:717 Pulling image roxron/rus_tem:mgmt_srv:e2852d110958: [==============================================>    ]  81.95MB/88.81MB
2021-03-13 23:51:23 INFO project.py:717 Pulling image roxron/rus_tem:mgmt_srv:e2852d110958: [==============================================>    ]  82.49MB/88.81MB
2021-03-13 23:51:24 INFO project.py:717 Pulling image roxron/rus_tem:mgmt_srv:e2852d110958: [==============================================>    ]  83.03MB/88.81MB
2021-03-13 23:51:24 INFO project.py:717 Pulling image roxron/rus_tem:mgmt_srv:e2852d110958: [===============================================>   ]  83.57MB/88.81MB
2021-03-13 23:51:24 INFO project.py:717 Pulling image roxron/rus_tem:mgmt_srv:e2852d110958: [===============================================>   ]  84.11MB/88.81MB
2021-03-13 23:51:25 INFO project.py:717 Pulling image roxron/rus_tem:mgmt_srv:e2852d110958: [===============================================>   ]  84.65MB/88.81MB
2021-03-13 23:51:25 INFO project.py:717 Pulling image roxron/rus_tem:mgmt_srv:e2852d110958: [===============================================>   ]  85.19MB/88.81MB
2021-03-13 23:51:26 INFO project.py:717 Pulling image roxron/rus_tem:mgmt_srv:e2852d110958: [================================================>  ]  85.73MB/88.81MB
2021-03-13 23:51:26 INFO project.py:717 Pulling image roxron/rus_tem:mgmt_srv:e2852d110958: [================================================>  ]  86.27MB/88.81MB
2021-03-13 23:51:27 INFO project.py:717 Pulling image roxron/rus_tem:mgmt_srv:e2852d110958: [================================================>  ]  86.82MB/88.81MB
2021-03-13 23:51:27 INFO project.py:717 Pulling image roxron/rus_tem:mgmt_srv:e2852d110958: [=================================================> ]  87.36MB/88.81MB
2021-03-13 23:51:28 INFO project.py:717 Pulling image roxron/rus_tem:mgmt_srv:e2852d110958: [=================================================> ]   87.9MB/88.81MB
2021-03-13 23:51:29 INFO project.py:717 Pulling image roxron/rus_tem:mgmt_srv:e2852d110958: [=================================================> ]  88.44MB/88.81MB
2021-03-13 23:51:29 INFO project.py:717 Pulling image roxron/rus_tem:mgmt_srv:e2852d110958: [>                                                  ]  557.1kB/88.81MB
2021-03-13 23:51:29 INFO project.py:717 Pulling image roxron/rus_tem:mgmt_srv:e2852d110958: [=>                                                 ]  2.228MB/88.81MB
2021-03-13 23:51:29 INFO project.py:717 Pulling image roxron/rus_tem:mgmt_srv:e2852d110958: [==>                                                ]  3.899MB/88.81MB
2021-03-13 23:51:30 INFO project.py:717 Pulling image roxron/rus_tem:mgmt_srv:e2852d110958: [===>                                               ]  5.571MB/88.81MB
2021-03-13 23:51:30 INFO project.py:717 Pulling image roxron/rus_tem:mgmt_srv:e2852d110958: [====>                                              ]  7.242MB/88.81MB
2021-03-13 23:51:30 INFO project.py:717 Pulling image roxron/rus_tem:mgmt_srv:e2852d110958: [====>                                              ]  8.356MB/88.81MB
2021-03-13 23:51:30 INFO project.py:717 Pulling image roxron/rus_tem:mgmt_srv:e2852d110958: [=====>                                             ]  10.03MB/88.81MB
2021-03-13 23:51:30 INFO project.py:717 Pulling image roxron/rus_tem:mgmt_srv:e2852d110958: [======>                                            ]   11.7MB/88.81MB
2021-03-13 23:51:30 INFO project.py:717 Pulling image roxron/rus_tem:mgmt_srv:e2852d110958: [=======>                                           ]  13.37MB/88.81MB
2021-03-13 23:51:30 INFO project.py:717 Pulling image roxron/rus_tem:mgmt_srv:e2852d110958: [========>                                          ]  14.48MB/88.81MB
2021-03-13 23:51:30 INFO project.py:717 Pulling image roxron/rus_tem:mgmt_srv:e2852d110958: [========>                                          ]   15.6MB/88.81MB
2021-03-13 23:51:31 INFO project.py:717 Pulling image roxron/rus_tem:mgmt_srv:e2852d110958: [=========>                                         ]  17.27MB/88.81MB
2021-03-13 23:51:31 INFO project.py:717 Pulling image roxron/rus_tem:mgmt_srv:e2852d110958: [==========>                                        ]   19.5MB/88.81MB
2021-03-13 23:51:31 INFO project.py:717 Pulling image roxron/rus_tem:mgmt_srv:e2852d110958: [===========>                                       ]  21.17MB/88.81MB
2021-03-13 23:51:31 INFO project.py:717 Pulling image roxron/rus_tem:mgmt_srv:e2852d110958: [============>                                      ]  22.84MB/88.81MB
2021-03-13 23:51:31 INFO project.py:717 Pulling image roxron/rus_tem:mgmt_srv:e2852d110958: [=============>                                     ]  23.95MB/88.81MB
2021-03-13 23:51:31 INFO project.py:717 Pulling image roxron/rus_tem:mgmt_srv:e2852d110958: [==============>                                    ]  25.07MB/88.81MB
2021-03-13 23:51:31 INFO project.py:717 Pulling image roxron/rus_tem:mgmt_srv:e2852d110958: [===============>                                   ]   27.3MB/88.81MB
2021-03-13 23:51:31 INFO project.py:717 Pulling image roxron/rus_tem:mgmt_srv:e2852d110958: [================>                                  ]  28.97MB/88.81MB
2021-03-13 23:51:32 INFO project.py:717 Pulling image roxron/rus_tem:mgmt_srv:e2852d110958: [=================>                                 ]  30.64MB/88.81MB
2021-03-13 23:51:32 INFO project.py:717 Pulling image roxron/rus_tem:mgmt_srv:e2852d110958: [==================>                                ]  32.31MB/88.81MB
2021-03-13 23:51:32 INFO project.py:717 Pulling image roxron/rus_tem:mgmt_srv:e2852d110958: [==================>                                ]  33.42MB/88.81MB
2021-03-13 23:51:32 INFO project.py:717 Pulling image roxron/rus_tem:mgmt_srv:e2852d110958: [===================>                               ]  34.54MB/88.81MB
2021-03-13 23:51:32 INFO project.py:717 Pulling image roxron/rus_tem:mgmt_srv:e2852d110958: [====================>                              ]  35.65MB/88.81MB
2021-03-13 23:51:32 INFO project.py:717 Pulling image roxron/rus_tem:mgmt_srv:e2852d110958: [=====================>                             ]  37.32MB/88.81MB
2021-03-13 23:51:32 INFO project.py:717 Pulling image roxron/rus_tem:mgmt_srv:e2852d110958: [=====================>                             ]  38.99MB/88.81MB
2021-03-13 23:51:32 INFO project.py:717 Pulling image roxron/rus_tem:mgmt_srv:e2852d110958: [======================>                            ]  40.67MB/88.81MB
2021-03-13 23:51:33 INFO project.py:717 Pulling image roxron/rus_tem:mgmt_srv:e2852d110958: [=======================>                           ]  42.34MB/88.81MB
2021-03-13 23:51:33 INFO project.py:717 Pulling image roxron/rus_tem:mgmt_srv:e2852d110958: [=========================>                         ]  44.56MB/88.81MB
2021-03-13 23:51:33 INFO project.py:717 Pulling image roxron/rus_tem:mgmt_srv:e2852d110958: [==========================>                        ]  46.24MB/88.81MB
2021-03-13 23:51:33 INFO project.py:717 Pulling image roxron/rus_tem:mgmt_srv:e2852d110958: [==========================>                        ]  47.91MB/88.81MB
2021-03-13 23:51:33 INFO project.py:717 Pulling image roxron/rus_tem:mgmt_srv:e2852d110958: [===========================>                       ]  49.58MB/88.81MB
2021-03-13 23:51:33 INFO project.py:717 Pulling image roxron/rus_tem:mgmt_srv:e2852d110958: [============================>                      ]  50.69MB/88.81MB
2021-03-13 23:51:33 INFO project.py:717 Pulling image roxron/rus_tem:mgmt_srv:e2852d110958: [=============================>                     ]  51.81MB/88.81MB
2021-03-13 23:51:33 INFO project.py:717 Pulling image roxron/rus_tem:mgmt_srv:e2852d110958: [=============================>                     ]  52.92MB/88.81MB
2021-03-13 23:51:34 INFO project.py:717 Pulling image roxron/rus_tem:mgmt_srv:e2852d110958: [==============================>                    ]  54.59MB/88.81MB
2021-03-13 23:51:34 INFO project.py:717 Pulling image roxron/rus_tem:mgmt_srv:e2852d110958: [===============================>                   ]  55.71MB/88.81MB
2021-03-13 23:51:34 INFO project.py:717 Pulling image roxron/rus_tem:mgmt_srv:e2852d110958: [==================================>                ]  60.72MB/88.81MB
2021-03-13 23:51:34 INFO project.py:717 Pulling image roxron/rus_tem:mgmt_srv:e2852d110958: [===================================>               ]   63.5MB/88.81MB
2021-03-13 23:51:34 INFO project.py:717 Pulling image roxron/rus_tem:mgmt_srv:e2852d110958: [====================================>              ]  65.18MB/88.81MB
2021-03-13 23:51:34 INFO project.py:717 Pulling image roxron/rus_tem:mgmt_srv:e2852d110958: [=====================================>             ]  66.85MB/88.81MB
2021-03-13 23:51:35 INFO project.py:717 Pulling image roxron/rus_tem:mgmt_srv:e2852d110958: [======================================>            ]  68.52MB/88.81MB
2021-03-13 23:51:35 INFO project.py:717 Pulling image roxron/rus_tem:mgmt_srv:e2852d110958: [=======================================>           ]  69.63MB/88.81MB
2021-03-13 23:51:35 INFO project.py:717 Pulling image roxron/rus_tem:mgmt_srv:e2852d110958: [=========================================>         ]  72.97MB/88.81MB
2021-03-13 23:51:35 INFO project.py:717 Pulling image roxron/rus_tem:mgmt_srv:e2852d110958: [==========================================>        ]  76.32MB/88.81MB
2021-03-13 23:51:35 INFO project.py:717 Pulling image roxron/rus_tem:mgmt_srv:e2852d110958: [============================================>      ]  78.54MB/88.81MB
2021-03-13 23:51:35 INFO project.py:717 Pulling image roxron/rus_tem:mgmt_srv:e2852d110958: [=============================================>     ]  80.22MB/88.81MB
2021-03-13 23:51:35 INFO project.py:717 Pulling image roxron/rus_tem:mgmt_srv:e2852d110958: [==============================================>    ]  81.89MB/88.81MB
2021-03-13 23:51:35 INFO project.py:717 Pulling image roxron/rus_tem:mgmt_srv:e2852d110958: [===============================================>   ]  83.56MB/88.81MB
2021-03-13 23:51:36 INFO project.py:717 Pulling image roxron/rus_tem:mgmt_srv:e2852d110958: [===============================================>   ]  85.23MB/88.81MB
2021-03-13 23:51:36 INFO project.py:717 Pulling image roxron/rus_tem:mgmt_srv:e2852d110958: [================================================>  ]   86.9MB/88.81MB
2021-03-13 23:51:36 INFO project.py:717 Pulling image roxron/rus_tem:mgmt_srv:e2852d110958: [=================================================> ]  88.57MB/88.81MB
2021-03-13 23:51:36 INFO project.py:717 Pulling image roxron/rus_tem:mgmt_srv:e2852d110958: [==================================================>]  88.81MB/88.81MB
2021-03-13 23:51:36 INFO project.py:717 Success pulling image roxron/rus_tem:mgmt_srv
